2020-07-10 10:20:14,594 - API_3.common.httpRequest - DEBUG - 请求url：http://test.lemonban.com/futureloan/mvc/api/member/login - [httpRequest.py:19]
2020-07-10 10:20:14,594 - API_3.common.httpRequest - DEBUG - 请求data：{'mobilephone': '18999990253', 'pwd': '123456'} - [httpRequest.py:20]
2020-07-10 10:20:14,804 - API_3.common.httpRequest - DEBUG - 请求response:{"status":1,"code":"10001","data":null,"msg":"登录成功"} - [httpRequest.py:33]
2020-07-10 10:20:14,852 - API_3.common.httpRequest - DEBUG - 请求url：http://test.lemonban.com/futureloan/mvc/api/loan/add - [httpRequest.py:19]
2020-07-10 10:20:14,852 - API_3.common.httpRequest - DEBUG - 请求data：{'memberId': '1231', 'title': '试试人品行不行，借个2W玩玩', 'amount': 20000, 'loanRate': 12.0, 'loanTerm': 3, 'loanDateType': 0, 'repaymemtWay': 11, 'biddingDays': 5} - [httpRequest.py:20]
2020-07-10 10:20:14,875 - API_3.common.httpRequest - DEBUG - 请求response:{"status":1,"code":"10001","data":null,"msg":"加标成功"} - [httpRequest.py:33]
2020-07-10 10:20:14,947 - API_3.common.httpRequest - DEBUG - 请求url：http://test.lemonban.com/futureloan/mvc/api/member/login - [httpRequest.py:19]
2020-07-10 10:20:14,948 - API_3.common.httpRequest - DEBUG - 请求data：{'mobilephone': '15814447890', 'pwd': '123456'} - [httpRequest.py:20]
2020-07-10 10:20:15,147 - API_3.common.httpRequest - DEBUG - 请求response:{"status":1,"code":"10001","data":null,"msg":"登录成功"} - [httpRequest.py:33]
2020-07-10 10:20:15,194 - API_3.common.httpRequest - DEBUG - 请求url：http://test.lemonban.com/futureloan/mvc/api/loan/add - [httpRequest.py:19]
2020-07-10 10:20:15,195 - API_3.common.httpRequest - DEBUG - 请求data：{'memberId': '1231', 'title': '试试人品行不行，借个2W玩玩', 'amount': 20000, 'loanRate': 12.0, 'loanTerm': 3, 'loanDateType': 0, 'repaymemtWay': 11, 'biddingDays': 5} - [httpRequest.py:20]
2020-07-10 10:20:15,214 - API_3.common.httpRequest - DEBUG - 请求response:{"status":1,"code":"10001","data":null,"msg":"加标成功"} - [httpRequest.py:33]
2020-07-10 10:20:15,355 - API_3.common.httpRequest - DEBUG - 请求url：http://test.lemonban.com/futureloan/mvc/api/member/login - [httpRequest.py:19]
2020-07-10 10:20:15,356 - API_3.common.httpRequest - DEBUG - 请求data：{'mobilephone': '15814447890', 'pwd': '123456'} - [httpRequest.py:20]
2020-07-10 10:20:15,548 - API_3.common.httpRequest - DEBUG - 请求response:{"status":1,"code":"10001","data":null,"msg":"登录成功"} - [httpRequest.py:33]
2020-07-10 10:20:15,596 - test_login - INFO - 准备测试前置 - [test_login.py:17]
2020-07-10 10:20:15,596 - test_login - INFO - 开始测试第1条用例：正常登陆 - [test_login.py:22]
2020-07-10 10:20:15,596 - API_3.common.httpRequest - DEBUG - 请求url：http://test.lemonban.com/futureloan/mvc/api/member/login - [httpRequest.py:19]
2020-07-10 10:20:15,597 - API_3.common.httpRequest - DEBUG - 请求data：{'mobilephone': '18812345678', 'pwd': '123456'} - [httpRequest.py:20]
2020-07-10 10:20:15,792 - API_3.common.httpRequest - DEBUG - 请求response:{"status":1,"code":"10001","data":null,"msg":"登录成功"} - [httpRequest.py:33]
2020-07-10 10:20:15,848 - test_login - INFO - 结束测试第1条用例：正常登陆
 - [test_login.py:31]
2020-07-10 10:20:15,848 - test_login - INFO - 开始测试第2条用例：手机号错误 - [test_login.py:22]
2020-07-10 10:20:15,848 - API_3.common.httpRequest - DEBUG - 请求url：http://test.lemonban.com/futureloan/mvc/api/member/login - [httpRequest.py:19]
2020-07-10 10:20:15,848 - API_3.common.httpRequest - DEBUG - 请求data：{'mobilephone': '18812345677', 'pwd': '1234586'} - [httpRequest.py:20]
2020-07-10 10:20:16,044 - API_3.common.httpRequest - DEBUG - 请求response:{"status":0,"code":"20111","data":null,"msg":"用户名或密码错误"} - [httpRequest.py:33]
2020-07-10 10:20:16,090 - test_login - INFO - 结束测试第2条用例：手机号错误
 - [test_login.py:31]
2020-07-10 10:20:16,090 - test_login - INFO - 开始测试第3条用例：手机号为空 - [test_login.py:22]
2020-07-10 10:20:16,091 - API_3.common.httpRequest - DEBUG - 请求url：http://test.lemonban.com/futureloan/mvc/api/member/login - [httpRequest.py:19]
2020-07-10 10:20:16,091 - API_3.common.httpRequest - DEBUG - 请求data：{'mobilephone': '', 'pwd': '123456'} - [httpRequest.py:20]
2020-07-10 10:20:16,101 - API_3.common.httpRequest - DEBUG - 请求response:{"status":0,"code":"20103","data":null,"msg":"手机号不能为空"} - [httpRequest.py:33]
2020-07-10 10:20:16,137 - test_login - INFO - 结束测试第3条用例：手机号为空
 - [test_login.py:31]
2020-07-10 10:20:16,137 - test_login - INFO - 开始测试第4条用例：密码错误 - [test_login.py:22]
2020-07-10 10:20:16,138 - API_3.common.httpRequest - DEBUG - 请求url：http://test.lemonban.com/futureloan/mvc/api/member/login - [httpRequest.py:19]
2020-07-10 10:20:16,138 - API_3.common.httpRequest - DEBUG - 请求data：{'mobilephone': '18812345678', 'pwd': '1234567'} - [httpRequest.py:20]
2020-07-10 10:20:16,317 - API_3.common.httpRequest - DEBUG - 请求response:{"status":0,"code":"20111","data":null,"msg":"用户名或密码错误"} - [httpRequest.py:33]
2020-07-10 10:20:16,363 - test_login - INFO - 结束测试第4条用例：密码错误
 - [test_login.py:31]
2020-07-10 10:20:16,363 - test_login - INFO - 开始测试第5条用例：密码为空 - [test_login.py:22]
2020-07-10 10:20:16,363 - API_3.common.httpRequest - DEBUG - 请求url：http://test.lemonban.com/futureloan/mvc/api/member/login - [httpRequest.py:19]
2020-07-10 10:20:16,363 - API_3.common.httpRequest - DEBUG - 请求data：{'mobilephone': '18812345678', 'pwd': ''} - [httpRequest.py:20]
2020-07-10 10:20:16,374 - API_3.common.httpRequest - DEBUG - 请求response:{"status":0,"code":"20103","data":null,"msg":"密码不能为空"} - [httpRequest.py:33]
2020-07-10 10:20:16,408 - test_login - INFO - 结束测试第5条用例：密码为空
 - [test_login.py:31]
2020-07-10 10:20:16,408 - test_login - INFO - 测试后置处理 - [test_login.py:35]
2020-07-10 10:20:16,443 - API_3.common.httpRequest - DEBUG - 请求url：http://test.lemonban.com/futureloan/mvc/api/member/login - [httpRequest.py:19]
2020-07-10 10:20:16,443 - API_3.common.httpRequest - DEBUG - 请求data：{'mobilephone': '18812345678', 'pwd': '123456'} - [httpRequest.py:20]
2020-07-10 10:20:16,642 - API_3.common.httpRequest - DEBUG - 请求response:{"status":1,"code":"10001","data":null,"msg":"登录成功"} - [httpRequest.py:33]
2020-07-10 10:20:16,874 - API_3.common.httpRequest - DEBUG - 请求url：http://test.lemonban.com/futureloan/mvc/api/member/recharge - [httpRequest.py:19]
2020-07-10 10:20:16,874 - API_3.common.httpRequest - DEBUG - 请求data：{'mobilephone': '18812345678', 'amount': '1000'} - [httpRequest.py:20]
2020-07-10 10:20:17,493 - API_3.common.httpRequest - DEBUG - 请求response:{"status":1,"code":"10001","data":{"id":8663,"regname":"小蜜蜂","pwd":"E10ADC3949BA59ABBE56E057F20F883E","mobilephone":"18812345678","leaveamount":"398938.58","type":"1","regtime":"2019-06-02 15:19:56.0"},"msg":"充值成功"} - [httpRequest.py:33]
2020-07-10 10:20:17,543 - API_3.common.httpRequest - DEBUG - 请求url：http://test.lemonban.com/futureloan/mvc/api/member/recharge - [httpRequest.py:19]
2020-07-10 10:20:17,543 - API_3.common.httpRequest - DEBUG - 请求data：{'mobilephone': '*&*&*&', 'amount': '1000'} - [httpRequest.py:20]
2020-07-10 10:20:17,555 - API_3.common.httpRequest - DEBUG - 请求response:{"status":0,"code":"20109","data":null,"msg":"手机号码格式不正确"} - [httpRequest.py:33]
2020-07-10 10:20:17,592 - API_3.common.httpRequest - DEBUG - 请求url：http://test.lemonban.com/futureloan/mvc/api/member/recharge - [httpRequest.py:19]
2020-07-10 10:20:17,592 - API_3.common.httpRequest - DEBUG - 请求data：{'mobilephone': '', 'amount': '1000'} - [httpRequest.py:20]
2020-07-10 10:20:17,605 - API_3.common.httpRequest - DEBUG - 请求response:{"status":0,"code":"20103","data":null,"msg":"手机号不能为空"} - [httpRequest.py:33]
2020-07-10 10:20:17,642 - API_3.common.httpRequest - DEBUG - 请求url：http://test.lemonban.com/futureloan/mvc/api/member/recharge - [httpRequest.py:19]
2020-07-10 10:20:17,642 - API_3.common.httpRequest - DEBUG - 请求data：{'mobilephone': '18812345666', 'amount': '1000'} - [httpRequest.py:20]
2020-07-10 10:20:17,835 - API_3.common.httpRequest - DEBUG - 请求response:{"status":0,"code":"20104","data":null,"msg":"此手机号对应的会员不存在"} - [httpRequest.py:33]
2020-07-10 10:20:17,881 - API_3.common.httpRequest - DEBUG - 请求url：http://test.lemonban.com/futureloan/mvc/api/member/recharge - [httpRequest.py:19]
2020-07-10 10:20:17,881 - API_3.common.httpRequest - DEBUG - 请求data：{'mobilephone': '18812345678', 'amount': '1000.345'} - [httpRequest.py:20]
2020-07-10 10:20:17,892 - API_3.common.httpRequest - DEBUG - 请求response:{"status":0,"code":"20116","data":null,"msg":"输入金额的金额小数不能超过两位"} - [httpRequest.py:33]
2020-07-10 10:20:17,932 - API_3.common.httpRequest - DEBUG - 请求url：http://test.lemonban.com/futureloan/mvc/api/member/recharge - [httpRequest.py:19]
2020-07-10 10:20:17,932 - API_3.common.httpRequest - DEBUG - 请求data：{'mobilephone': '18812345678', 'amount': ''} - [httpRequest.py:20]
2020-07-10 10:20:17,944 - API_3.common.httpRequest - DEBUG - 请求response:{"status":0,"code":"20115","data":null,"msg":"请输入金额"} - [httpRequest.py:33]
2020-07-10 10:20:17,982 - API_3.common.httpRequest - DEBUG - 请求url：http://test.lemonban.com/futureloan/mvc/api/member/recharge - [httpRequest.py:19]
2020-07-10 10:20:17,982 - API_3.common.httpRequest - DEBUG - 请求data：{'mobilephone': '18812345678', 'amount': '%&&'} - [httpRequest.py:20]
2020-07-10 10:20:17,993 - API_3.common.httpRequest - DEBUG - 请求response:{"status":0,"code":"20118","data":null,"msg":"请输入数字"} - [httpRequest.py:33]
2020-07-10 10:20:18,028 - API_3.common.httpRequest - DEBUG - 请求url：http://test.lemonban.com/futureloan/mvc/api/member/recharge - [httpRequest.py:19]
2020-07-10 10:20:18,029 - API_3.common.httpRequest - DEBUG - 请求data：{'mobilephone': '18812345678', 'amount': '-1000'} - [httpRequest.py:20]
2020-07-10 10:20:18,040 - API_3.common.httpRequest - DEBUG - 请求response:{"status":0,"code":"20117","data":null,"msg":"请输入范围在0到50万之间的正数金额"} - [httpRequest.py:33]
2020-07-10 10:20:18,080 - API_3.common.httpRequest - DEBUG - 请求url：http://test.lemonban.com/futureloan/mvc/api/member/recharge - [httpRequest.py:19]
2020-07-10 10:20:18,080 - API_3.common.httpRequest - DEBUG - 请求data：{'mobilephone': '18812345678', 'amount': '500000.01'} - [httpRequest.py:20]
2020-07-10 10:20:18,091 - API_3.common.httpRequest - DEBUG - 请求response:{"status":0,"code":"20117","data":null,"msg":"请输入范围在0到50万之间的正数金额"} - [httpRequest.py:33]
2020-07-10 10:20:18,304 - API_3.common.httpRequest - DEBUG - 请求url：http://test.lemonban.com/futureloan/mvc/api/member/register - [httpRequest.py:19]
2020-07-10 10:20:18,304 - API_3.common.httpRequest - DEBUG - 请求data：{'mobilephone': '^&%*^*', 'pwd': '123456'} - [httpRequest.py:20]
2020-07-10 10:20:18,323 - API_3.common.httpRequest - DEBUG - 请求response:{"status":0,"code":"20109","data":null,"msg":"手机号码格式不正确"} - [httpRequest.py:33]
2020-07-10 10:20:18,370 - API_3.common.httpRequest - DEBUG - 请求url：http://test.lemonban.com/futureloan/mvc/api/member/register - [httpRequest.py:19]
2020-07-10 10:20:18,371 - API_3.common.httpRequest - DEBUG - 请求data：{'mobilephone': '188123456712', 'pwd': '123456'} - [httpRequest.py:20]
2020-07-10 10:20:18,381 - API_3.common.httpRequest - DEBUG - 请求response:{"status":0,"code":"20109","data":null,"msg":"手机号码格式不正确"} - [httpRequest.py:33]
2020-07-10 10:20:18,416 - API_3.common.httpRequest - DEBUG - 请求url：http://test.lemonban.com/futureloan/mvc/api/member/register - [httpRequest.py:19]
2020-07-10 10:20:18,416 - API_3.common.httpRequest - DEBUG - 请求data：{'mobilephone': '1881234567', 'pwd': '123456'} - [httpRequest.py:20]
2020-07-10 10:20:18,426 - API_3.common.httpRequest - DEBUG - 请求response:{"status":0,"code":"20109","data":null,"msg":"手机号码格式不正确"} - [httpRequest.py:33]
2020-07-10 10:20:18,462 - API_3.common.httpRequest - DEBUG - 请求url：http://test.lemonban.com/futureloan/mvc/api/member/register - [httpRequest.py:19]
2020-07-10 10:20:18,462 - API_3.common.httpRequest - DEBUG - 请求data：{'mobilephone': '18812345679', 'pwd': '123456'} - [httpRequest.py:20]
2020-07-10 10:20:18,654 - API_3.common.httpRequest - DEBUG - 请求response:{"status":0,"code":"20110","data":null,"msg":"手机号码已被注册"} - [httpRequest.py:33]
2020-07-10 10:20:18,700 - API_3.common.httpRequest - DEBUG - 请求url：http://test.lemonban.com/futureloan/mvc/api/member/register - [httpRequest.py:19]
2020-07-10 10:20:18,700 - API_3.common.httpRequest - DEBUG - 请求data：{'mobilephone': '', 'pwd': '123456'} - [httpRequest.py:20]
2020-07-10 10:20:18,710 - API_3.common.httpRequest - DEBUG - 请求response:{"status":0,"code":"20103","data":null,"msg":"手机号不能为空"} - [httpRequest.py:33]
2020-07-10 10:20:18,748 - API_3.common.httpRequest - DEBUG - 请求url：http://test.lemonban.com/futureloan/mvc/api/member/register - [httpRequest.py:19]
2020-07-10 10:20:18,748 - API_3.common.httpRequest - DEBUG - 请求data：{'mobilephone': '18812345671', 'pwd': '1234'} - [httpRequest.py:20]
2020-07-10 10:20:18,757 - API_3.common.httpRequest - DEBUG - 请求response:{"status":0,"code":"20108","data":null,"msg":"密码长度必须为6~18"} - [httpRequest.py:33]
2020-07-10 10:20:18,797 - API_3.common.httpRequest - DEBUG - 请求url：http://test.lemonban.com/futureloan/mvc/api/member/register - [httpRequest.py:19]
2020-07-10 10:20:18,797 - API_3.common.httpRequest - DEBUG - 请求data：{'mobilephone': '18812345671', 'pwd': '123456789ASDFGHJKLPO'} - [httpRequest.py:20]
2020-07-10 10:20:18,807 - API_3.common.httpRequest - DEBUG - 请求response:{"status":0,"code":"20108","data":null,"msg":"密码长度必须为6~18"} - [httpRequest.py:33]
2020-07-10 10:20:18,845 - API_3.common.httpRequest - DEBUG - 请求url：http://test.lemonban.com/futureloan/mvc/api/member/register - [httpRequest.py:19]
2020-07-10 10:20:18,845 - API_3.common.httpRequest - DEBUG - 请求data：{'mobilephone': '18812345671', 'pwd': ''} - [httpRequest.py:20]
2020-07-10 10:20:18,855 - API_3.common.httpRequest - DEBUG - 请求response:{"status":0,"code":"20103","data":null,"msg":"密码不能为空"} - [httpRequest.py:33]
2020-07-10 10:39:52,873 - API_3.common.httpRequest - DEBUG - 请求url：http://test.lemonban.com/futureloan/mvc/api/member/login - [httpRequest.py:19]
2020-07-10 10:39:52,873 - API_3.common.httpRequest - DEBUG - 请求data：{'mobilephone': '15814447890', 'pwd': '123456'} - [httpRequest.py:20]
2020-07-10 10:39:53,080 - API_3.common.httpRequest - DEBUG - 请求response:{"status":1,"code":"10001","data":null,"msg":"登录成功"} - [httpRequest.py:33]
2020-07-10 10:39:53,123 - API_3.common.httpRequest - DEBUG - 请求url：http://test.lemonban.com/futureloan/mvc/api/loan/add - [httpRequest.py:19]
2020-07-10 10:39:53,123 - API_3.common.httpRequest - DEBUG - 请求data：{'memberId': '1231', 'title': '试试人品行不行，借个2W玩玩', 'amount': 20000, 'loanRate': 12.0, 'loanTerm': 3, 'loanDateType': 0, 'repaymemtWay': 11, 'biddingDays': 5} - [httpRequest.py:20]
2020-07-10 10:39:53,144 - API_3.common.httpRequest - DEBUG - 请求response:{"status":1,"code":"10001","data":null,"msg":"加标成功"} - [httpRequest.py:33]
2020-07-10 10:39:53,296 - API_3.common.httpRequest - DEBUG - 请求url：http://test.lemonban.com/futureloan/mvc/api/member/login - [httpRequest.py:19]
2020-07-10 10:39:53,296 - API_3.common.httpRequest - DEBUG - 请求data：{'mobilephone': '15814447890', 'pwd': '123456'} - [httpRequest.py:20]
2020-07-10 10:39:53,504 - API_3.common.httpRequest - DEBUG - 请求response:{"status":1,"code":"10001","data":null,"msg":"登录成功"} - [httpRequest.py:33]
2020-07-10 10:43:38,256 - API_3.common.httpRequest - DEBUG - 请求url：http://test.lemonban.com/futureloan/mvc/api/member/login - [httpRequest.py:19]
2020-07-10 10:43:38,257 - API_3.common.httpRequest - DEBUG - 请求data：{'mobilephone': '15814447890', 'pwd': '123456'} - [httpRequest.py:20]
2020-07-10 10:43:38,464 - API_3.common.httpRequest - DEBUG - 请求response:{"status":1,"code":"10001","data":null,"msg":"登录成功"} - [httpRequest.py:33]
2020-07-10 10:43:38,515 - API_3.common.httpRequest - DEBUG - 请求url：http://test.lemonban.com/futureloan/mvc/api/loan/add - [httpRequest.py:19]
2020-07-10 10:43:38,515 - API_3.common.httpRequest - DEBUG - 请求data：{'memberId': '1231', 'title': '试试人品行不行，借个2W玩玩', 'amount': 20000, 'loanRate': 12.0, 'loanTerm': 3, 'loanDateType': 0, 'repaymemtWay': 11, 'biddingDays': 5} - [httpRequest.py:20]
2020-07-10 10:43:38,537 - API_3.common.httpRequest - DEBUG - 请求response:{"status":1,"code":"10001","data":null,"msg":"加标成功"} - [httpRequest.py:33]
2020-07-10 10:43:38,689 - API_3.common.httpRequest - DEBUG - 请求url：http://test.lemonban.com/futureloan/mvc/api/member/login - [httpRequest.py:19]
2020-07-10 10:43:38,689 - API_3.common.httpRequest - DEBUG - 请求data：{'mobilephone': '18999990253', 'pwd': '123456'} - [httpRequest.py:20]
2020-07-10 10:43:38,883 - API_3.common.httpRequest - DEBUG - 请求response:{"status":1,"code":"10001","data":null,"msg":"登录成功"} - [httpRequest.py:33]
2020-07-10 10:44:51,832 - API_3.common.httpRequest - DEBUG - 请求url：http://test.lemonban.com/futureloan/mvc/api/member/login - [httpRequest.py:19]
2020-07-10 10:44:51,833 - API_3.common.httpRequest - DEBUG - 请求data：{'mobilephone': '15814447890', 'pwd': '123456'} - [httpRequest.py:20]
2020-07-10 10:44:52,037 - API_3.common.httpRequest - DEBUG - 请求response:{"status":1,"code":"10001","data":null,"msg":"登录成功"} - [httpRequest.py:33]
2020-07-10 10:44:52,083 - API_3.common.httpRequest - DEBUG - 请求url：http://test.lemonban.com/futureloan/mvc/api/loan/add - [httpRequest.py:19]
2020-07-10 10:44:52,084 - API_3.common.httpRequest - DEBUG - 请求data：{'memberId': '1231', 'title': '试试人品行不行，借个2W玩玩', 'amount': 20000, 'loanRate': 12.0, 'loanTerm': 3, 'loanDateType': 0, 'repaymemtWay': 11, 'biddingDays': 5} - [httpRequest.py:20]
2020-07-10 10:44:52,107 - API_3.common.httpRequest - DEBUG - 请求response:{"status":1,"code":"10001","data":null,"msg":"加标成功"} - [httpRequest.py:33]
2020-07-10 10:44:52,256 - API_3.common.httpRequest - DEBUG - 请求url：http://test.lemonban.com/futureloan/mvc/api/member/login - [httpRequest.py:19]
2020-07-10 10:44:52,256 - API_3.common.httpRequest - DEBUG - 请求data：{'mobilephone': '18999990253', 'pwd': '123456'} - [httpRequest.py:20]
2020-07-10 10:44:52,440 - API_3.common.httpRequest - DEBUG - 请求response:{"status":1,"code":"10001","data":null,"msg":"登录成功"} - [httpRequest.py:33]
2020-07-10 10:49:29,283 - API_3.common.httpRequest - DEBUG - 请求url：http://test.lemonban.com/futureloan/mvc/api/member/login - [httpRequest.py:19]
2020-07-10 10:49:29,283 - API_3.common.httpRequest - DEBUG - 请求data：{'mobilephone': '15814447890', 'pwd': '123456'} - [httpRequest.py:20]
2020-07-10 10:49:29,483 - API_3.common.httpRequest - DEBUG - 请求response:{"status":1,"code":"10001","data":null,"msg":"登录成功"} - [httpRequest.py:33]
2020-07-10 10:49:29,538 - API_3.common.httpRequest - DEBUG - 请求url：http://test.lemonban.com/futureloan/mvc/api/loan/add - [httpRequest.py:19]
2020-07-10 10:49:29,538 - API_3.common.httpRequest - DEBUG - 请求data：{'memberId': '1231', 'title': '试试人品行不行，借个2W玩玩', 'amount': 20000, 'loanRate': 12.0, 'loanTerm': 3, 'loanDateType': 0, 'repaymemtWay': 11, 'biddingDays': 5} - [httpRequest.py:20]
2020-07-10 10:49:29,562 - API_3.common.httpRequest - DEBUG - 请求response:{"status":1,"code":"10001","data":null,"msg":"加标成功"} - [httpRequest.py:33]
2020-07-10 10:49:29,716 - API_3.common.httpRequest - DEBUG - 请求url：http://test.lemonban.com/futureloan/mvc/api/member/login - [httpRequest.py:19]
2020-07-10 10:49:29,716 - API_3.common.httpRequest - DEBUG - 请求data：{'mobilephone': '18999990253', 'pwd': '123456'} - [httpRequest.py:20]
2020-07-10 10:49:29,905 - API_3.common.httpRequest - DEBUG - 请求response:{"status":1,"code":"10001","data":null,"msg":"登录成功"} - [httpRequest.py:33]
2020-07-10 10:50:37,859 - API_3.common.httpRequest - DEBUG - 请求url：http://test.lemonban.com/futureloan/mvc/api/member/login - [httpRequest.py:19]
2020-07-10 10:50:37,860 - API_3.common.httpRequest - DEBUG - 请求data：{'mobilephone': '15814447890', 'pwd': '123456'} - [httpRequest.py:20]
2020-07-10 10:50:38,056 - API_3.common.httpRequest - DEBUG - 请求response:{"status":1,"code":"10001","data":null,"msg":"登录成功"} - [httpRequest.py:33]
2020-07-10 10:50:38,105 - API_3.common.httpRequest - DEBUG - 请求url：http://test.lemonban.com/futureloan/mvc/api/loan/add - [httpRequest.py:19]
2020-07-10 10:50:38,105 - API_3.common.httpRequest - DEBUG - 请求data：{'memberId': '1231', 'title': '试试人品行不行，借个2W玩玩', 'amount': 20000, 'loanRate': 12.0, 'loanTerm': 3, 'loanDateType': 0, 'repaymemtWay': 11, 'biddingDays': 5} - [httpRequest.py:20]
2020-07-10 10:50:38,128 - API_3.common.httpRequest - DEBUG - 请求response:{"status":1,"code":"10001","data":null,"msg":"加标成功"} - [httpRequest.py:33]
2020-07-10 10:50:38,261 - API_3.common.httpRequest - DEBUG - 请求url：http://test.lemonban.com/futureloan/mvc/api/member/login - [httpRequest.py:19]
2020-07-10 10:50:38,262 - API_3.common.httpRequest - DEBUG - 请求data：{'mobilephone': '18999990253', 'pwd': '123456'} - [httpRequest.py:20]
2020-07-10 10:50:38,447 - API_3.common.httpRequest - DEBUG - 请求response:{"status":1,"code":"10001","data":null,"msg":"登录成功"} - [httpRequest.py:33]
2020-07-10 11:01:39,603 - API_3.common.httpRequest - DEBUG - 请求url：http://test.lemonban.com/futureloan/mvc/api/member/login - [httpRequest.py:19]
2020-07-10 11:01:39,604 - API_3.common.httpRequest - DEBUG - 请求data：{'mobilephone': '15814447890', 'pwd': '123456'} - [httpRequest.py:20]
2020-07-10 11:01:39,822 - API_3.common.httpRequest - DEBUG - 请求response:{"status":1,"code":"10001","data":null,"msg":"登录成功"} - [httpRequest.py:33]
2020-07-10 11:01:39,878 - API_3.common.httpRequest - DEBUG - 请求url：http://test.lemonban.com/futureloan/mvc/api/loan/add - [httpRequest.py:19]
2020-07-10 11:01:39,878 - API_3.common.httpRequest - DEBUG - 请求data：{'memberId': '1231', 'title': '试试人品行不行，借个2W玩玩', 'amount': 20000, 'loanRate': 12.0, 'loanTerm': 3, 'loanDateType': 0, 'repaymemtWay': 11, 'biddingDays': 5} - [httpRequest.py:20]
2020-07-10 11:01:39,899 - API_3.common.httpRequest - DEBUG - 请求response:{"status":1,"code":"10001","data":null,"msg":"加标成功"} - [httpRequest.py:33]
2020-07-10 11:01:40,050 - API_3.common.httpRequest - DEBUG - 请求url：http://test.lemonban.com/futureloan/mvc/api/member/login - [httpRequest.py:19]
2020-07-10 11:01:40,050 - API_3.common.httpRequest - DEBUG - 请求data：{'mobilephone': '18999990253', 'pwd': '123456'} - [httpRequest.py:20]
2020-07-10 11:01:40,240 - API_3.common.httpRequest - DEBUG - 请求response:{"status":1,"code":"10001","data":null,"msg":"登录成功"} - [httpRequest.py:33]
2020-07-10 11:01:56,259 - API_3.common.httpRequest - DEBUG - 请求url：http://test.lemonban.com/futureloan/mvc/api/member/login - [httpRequest.py:19]
2020-07-10 11:01:56,260 - API_3.common.httpRequest - DEBUG - 请求data：{'mobilephone': '18999990253', 'pwd': '123456'} - [httpRequest.py:20]
2020-07-10 11:01:56,487 - API_3.common.httpRequest - DEBUG - 请求response:{"status":1,"code":"10001","data":null,"msg":"登录成功"} - [httpRequest.py:33]
2020-07-10 11:01:56,535 - API_3.common.httpRequest - DEBUG - 请求url：http://test.lemonban.com/futureloan/mvc/api/loan/add - [httpRequest.py:19]
2020-07-10 11:01:56,535 - API_3.common.httpRequest - DEBUG - 请求data：{'memberId': '1231', 'title': '试试人品行不行，借个2W玩玩', 'amount': 20000, 'loanRate': 12.0, 'loanTerm': 3, 'loanDateType': 0, 'repaymemtWay': 11, 'biddingDays': 5} - [httpRequest.py:20]
2020-07-10 11:01:56,562 - API_3.common.httpRequest - DEBUG - 请求response:{"status":1,"code":"10001","data":null,"msg":"加标成功"} - [httpRequest.py:33]
2020-07-10 11:02:03,286 - API_3.common.httpRequest - DEBUG - 请求url：http://test.lemonban.com/futureloan/mvc/api/member/login - [httpRequest.py:19]
2020-07-10 11:02:03,287 - API_3.common.httpRequest - DEBUG - 请求data：{'mobilephone': '15814447890', 'pwd': '123456'} - [httpRequest.py:20]
2020-07-10 11:02:03,486 - API_3.common.httpRequest - DEBUG - 请求response:{"status":1,"code":"10001","data":null,"msg":"登录成功"} - [httpRequest.py:33]
2020-07-10 11:02:03,537 - API_3.common.httpRequest - DEBUG - 请求url：http://test.lemonban.com/futureloan/mvc/api/loan/add - [httpRequest.py:19]
2020-07-10 11:02:03,537 - API_3.common.httpRequest - DEBUG - 请求data：{'memberId': '1231', 'title': '试试人品行不行，借个2W玩玩', 'amount': 20000, 'loanRate': 12.0, 'loanTerm': 3, 'loanDateType': 0, 'repaymemtWay': 11, 'biddingDays': 5} - [httpRequest.py:20]
2020-07-10 11:02:03,564 - API_3.common.httpRequest - DEBUG - 请求response:{"status":1,"code":"10001","data":null,"msg":"加标成功"} - [httpRequest.py:33]
2020-07-10 11:02:03,703 - API_3.common.httpRequest - DEBUG - 请求url：http://test.lemonban.com/futureloan/mvc/api/member/login - [httpRequest.py:19]
2020-07-10 11:02:03,703 - API_3.common.httpRequest - DEBUG - 请求data：{'mobilephone': '18999990253', 'pwd': '123456'} - [httpRequest.py:20]
2020-07-10 11:02:03,886 - API_3.common.httpRequest - DEBUG - 请求response:{"status":1,"code":"10001","data":null,"msg":"登录成功"} - [httpRequest.py:33]
2020-07-10 11:28:20,321 - API_3.common.httpRequest - DEBUG - 请求url：http://test.lemonban.com/futureloan/mvc/api/member/login - [httpRequest.py:19]
2020-07-10 11:28:20,322 - API_3.common.httpRequest - DEBUG - 请求data：{'mobilephone': '15814447890', 'pwd': '123456'} - [httpRequest.py:20]
2020-07-10 11:28:20,521 - API_3.common.httpRequest - DEBUG - 请求response:{"status":1,"code":"10001","data":null,"msg":"登录成功"} - [httpRequest.py:33]
2020-07-10 11:28:20,572 - API_3.common.httpRequest - DEBUG - 请求url：http://test.lemonban.com/futureloan/mvc/api/loan/add - [httpRequest.py:19]
2020-07-10 11:28:20,572 - API_3.common.httpRequest - DEBUG - 请求data：{'memberId': '1231', 'title': '试试人品行不行，借个2W玩玩', 'amount': 20000, 'loanRate': 12.0, 'loanTerm': 3, 'loanDateType': 0, 'repaymemtWay': 11, 'biddingDays': 5} - [httpRequest.py:20]
2020-07-10 11:28:20,591 - API_3.common.httpRequest - DEBUG - 请求response:{"status":1,"code":"10001","data":null,"msg":"加标成功"} - [httpRequest.py:33]
2020-07-10 11:28:20,736 - API_3.common.httpRequest - DEBUG - 请求url：http://test.lemonban.com/futureloan/mvc/api/member/login - [httpRequest.py:19]
2020-07-10 11:28:20,736 - API_3.common.httpRequest - DEBUG - 请求data：{'mobilephone': '18999990253', 'pwd': '123456'} - [httpRequest.py:20]
2020-07-10 11:28:20,919 - API_3.common.httpRequest - DEBUG - 请求response:{"status":1,"code":"10001","data":null,"msg":"登录成功"} - [httpRequest.py:33]
2020-07-10 11:30:48,901 - API_3.common.httpRequest - DEBUG - 请求url：http://test.lemonban.com/futureloan/mvc/api/member/login - [httpRequest.py:19]
2020-07-10 11:30:48,902 - API_3.common.httpRequest - DEBUG - 请求data：{'mobilephone': '15814447890', 'pwd': '123456'} - [httpRequest.py:20]
2020-07-10 11:30:49,103 - API_3.common.httpRequest - DEBUG - 请求response:{"status":1,"code":"10001","data":null,"msg":"登录成功"} - [httpRequest.py:33]
2020-07-10 11:30:49,156 - API_3.common.httpRequest - DEBUG - 请求url：http://test.lemonban.com/futureloan/mvc/api/loan/add - [httpRequest.py:19]
2020-07-10 11:30:49,156 - API_3.common.httpRequest - DEBUG - 请求data：{'memberId': '1231', 'title': '试试人品行不行，借个2W玩玩', 'amount': 20000, 'loanRate': 12.0, 'loanTerm': 3, 'loanDateType': 0, 'repaymemtWay': 11, 'biddingDays': 5} - [httpRequest.py:20]
2020-07-10 11:30:49,189 - API_3.common.httpRequest - DEBUG - 请求response:{"status":1,"code":"10001","data":null,"msg":"加标成功"} - [httpRequest.py:33]
2020-07-10 11:30:49,338 - API_3.common.httpRequest - DEBUG - 请求url：http://test.lemonban.com/futureloan/mvc/api/member/login - [httpRequest.py:19]
2020-07-10 11:30:49,338 - API_3.common.httpRequest - DEBUG - 请求data：{'mobilephone': '18999990253', 'pwd': '123456'} - [httpRequest.py:20]
2020-07-10 11:30:49,523 - API_3.common.httpRequest - DEBUG - 请求response:{"status":1,"code":"10001","data":null,"msg":"登录成功"} - [httpRequest.py:33]
2020-07-10 11:35:46,685 - API_3.common.httpRequest - DEBUG - 请求url：http://test.lemonban.com/futureloan/mvc/api/member/login - [httpRequest.py:19]
2020-07-10 11:35:46,686 - API_3.common.httpRequest - DEBUG - 请求data：{'mobilephone': '15814447890', 'pwd': '123456'} - [httpRequest.py:20]
2020-07-10 11:35:46,919 - API_3.common.httpRequest - DEBUG - 请求response:{"status":1,"code":"10001","data":null,"msg":"登录成功"} - [httpRequest.py:33]
2020-07-10 11:35:46,966 - API_3.common.httpRequest - DEBUG - 请求url：http://test.lemonban.com/futureloan/mvc/api/loan/add - [httpRequest.py:19]
2020-07-10 11:35:46,966 - API_3.common.httpRequest - DEBUG - 请求data：{'memberId': '1231', 'title': '试试人品行不行，借个2W玩玩', 'amount': 20000, 'loanRate': 12.0, 'loanTerm': 3, 'loanDateType': 0, 'repaymemtWay': 11, 'biddingDays': 5} - [httpRequest.py:20]
2020-07-10 11:35:46,987 - API_3.common.httpRequest - DEBUG - 请求response:{"status":1,"code":"10001","data":null,"msg":"加标成功"} - [httpRequest.py:33]
2020-07-10 11:35:47,038 - API_3.common.httpRequest - DEBUG - 请求url：http://test.lemonban.com/futureloan/mvc/api/member/login - [httpRequest.py:19]
2020-07-10 11:35:47,038 - API_3.common.httpRequest - DEBUG - 请求data：{'mobilephone': '18999990253', 'pwd': '123456'} - [httpRequest.py:20]
2020-07-10 11:35:47,221 - API_3.common.httpRequest - DEBUG - 请求response:{"status":1,"code":"10001","data":null,"msg":"登录成功"} - [httpRequest.py:33]
2020-07-10 11:45:37,928 - API_3.common.httpRequest - DEBUG - 请求url：http://test.lemonban.com/futureloan/mvc/api/member/login - [httpRequest.py:19]
2020-07-10 11:45:37,929 - API_3.common.httpRequest - DEBUG - 请求data：{'mobilephone': '15814447890', 'pwd': '123456'} - [httpRequest.py:20]
2020-07-10 11:45:38,138 - API_3.common.httpRequest - DEBUG - 请求response:{"status":1,"code":"10001","data":null,"msg":"登录成功"} - [httpRequest.py:33]
2020-07-10 11:45:38,195 - API_3.common.httpRequest - DEBUG - 请求url：http://test.lemonban.com/futureloan/mvc/api/loan/add - [httpRequest.py:19]
2020-07-10 11:45:38,195 - API_3.common.httpRequest - DEBUG - 请求data：{'memberId': '1231', 'title': '试试人品行不行，借个2W玩玩', 'amount': 20000, 'loanRate': 12.0, 'loanTerm': 3, 'loanDateType': 0, 'repaymemtWay': 11, 'biddingDays': 5} - [httpRequest.py:20]
2020-07-10 11:45:38,222 - API_3.common.httpRequest - DEBUG - 请求response:{"status":1,"code":"10001","data":null,"msg":"加标成功"} - [httpRequest.py:33]
2020-07-10 11:45:38,275 - API_3.common.httpRequest - DEBUG - 请求url：http://test.lemonban.com/futureloan/mvc/api/member/login - [httpRequest.py:19]
2020-07-10 11:45:38,275 - API_3.common.httpRequest - DEBUG - 请求data：{'mobilephone': '18999990253', 'pwd': '123456'} - [httpRequest.py:20]
2020-07-10 11:45:38,468 - API_3.common.httpRequest - DEBUG - 请求response:{"status":1,"code":"10001","data":null,"msg":"登录成功"} - [httpRequest.py:33]
2020-07-10 11:45:53,670 - API_3.common.httpRequest - DEBUG - 请求url：http://test.lemonban.com/futureloan/mvc/api/member/login - [httpRequest.py:19]
2020-07-10 11:45:53,671 - API_3.common.httpRequest - DEBUG - 请求data：{'mobilephone': '15814447890', 'pwd': '123456'} - [httpRequest.py:20]
2020-07-10 11:45:53,883 - API_3.common.httpRequest - DEBUG - 请求response:{"status":1,"code":"10001","data":null,"msg":"登录成功"} - [httpRequest.py:33]
2020-07-10 11:45:53,978 - API_3.common.httpRequest - DEBUG - 请求url：http://test.lemonban.com/futureloan/mvc/api/loan/add - [httpRequest.py:19]
2020-07-10 11:45:53,979 - API_3.common.httpRequest - DEBUG - 请求data：{'memberId': '1231', 'title': '试试人品行不行，借个2W玩玩', 'amount': 20000, 'loanRate': 12.0, 'loanTerm': 3, 'loanDateType': 0, 'repaymemtWay': 11, 'biddingDays': 5} - [httpRequest.py:20]
2020-07-10 11:45:54,001 - API_3.common.httpRequest - DEBUG - 请求response:{"status":1,"code":"10001","data":null,"msg":"加标成功"} - [httpRequest.py:33]
2020-07-10 15:24:03,251 - API_3.common.httpRequest - DEBUG - 请求url：http://test.lemonban.com/futureloan/mvc/api/member/login - [httpRequest.py:19]
2020-07-10 15:24:03,252 - API_3.common.httpRequest - DEBUG - 请求data：{'mobilephone': '15814447890', 'pwd': '123456'} - [httpRequest.py:20]
2020-07-10 15:24:03,479 - API_3.common.httpRequest - DEBUG - 请求response:{"status":1,"code":"10001","data":null,"msg":"登录成功"} - [httpRequest.py:33]
2020-07-10 15:24:03,528 - API_3.common.httpRequest - DEBUG - 请求url：http://test.lemonban.com/futureloan/mvc/api/loan/add - [httpRequest.py:19]
2020-07-10 15:24:03,528 - API_3.common.httpRequest - DEBUG - 请求data：{'memberId': '1231', 'title': '试试人品行不行，借个2W玩玩', 'amount': 20000, 'loanRate': 12.0, 'loanTerm': 3, 'loanDateType': 0, 'repaymemtWay': 11, 'biddingDays': 5} - [httpRequest.py:20]
2020-07-10 15:24:03,565 - API_3.common.httpRequest - DEBUG - 请求response:{"status":1,"code":"10001","data":null,"msg":"加标成功"} - [httpRequest.py:33]
2020-07-10 15:24:03,614 - API_3.common.httpRequest - DEBUG - 请求url：http://test.lemonban.com/futureloan/mvc/api/member/login - [httpRequest.py:19]
2020-07-10 15:24:03,614 - API_3.common.httpRequest - DEBUG - 请求data：{'mobilephone': '18999990253', 'pwd': '123456'} - [httpRequest.py:20]
2020-07-10 15:24:03,800 - API_3.common.httpRequest - DEBUG - 请求response:{"status":1,"code":"10001","data":null,"msg":"登录成功"} - [httpRequest.py:33]
2020-07-10 15:24:20,782 - API_3.common.httpRequest - DEBUG - 请求url：http://test.lemonban.com/futureloan/mvc/api/member/login - [httpRequest.py:19]
2020-07-10 15:24:20,782 - API_3.common.httpRequest - DEBUG - 请求data：{'mobilephone': '15814447890', 'pwd': '123456'} - [httpRequest.py:20]
2020-07-10 15:24:21,230 - API_3.common.httpRequest - DEBUG - 请求response:{"status":1,"code":"10001","data":null,"msg":"登录成功"} - [httpRequest.py:33]
2020-07-10 15:24:21,278 - API_3.common.httpRequest - DEBUG - 请求url：http://test.lemonban.com/futureloan/mvc/api/loan/add - [httpRequest.py:19]
2020-07-10 15:24:21,278 - API_3.common.httpRequest - DEBUG - 请求data：{'memberId': '1231', 'title': '试试人品行不行，借个2W玩玩', 'amount': 20000, 'loanRate': 12.0, 'loanTerm': 3, 'loanDateType': 0, 'repaymemtWay': 11, 'biddingDays': 5} - [httpRequest.py:20]
2020-07-10 15:24:21,299 - API_3.common.httpRequest - DEBUG - 请求response:{"status":1,"code":"10001","data":null,"msg":"加标成功"} - [httpRequest.py:33]
2020-07-10 15:24:21,351 - API_3.common.httpRequest - DEBUG - 请求url：http://test.lemonban.com/futureloan/mvc/api/member/login - [httpRequest.py:19]
2020-07-10 15:24:21,351 - API_3.common.httpRequest - DEBUG - 请求data：{'mobilephone': '18999990253', 'pwd': '123456'} - [httpRequest.py:20]
2020-07-10 15:24:21,553 - API_3.common.httpRequest - DEBUG - 请求response:{"status":1,"code":"10001","data":null,"msg":"登录成功"} - [httpRequest.py:33]
2020-07-10 15:29:28,891 - API_3.common.httpRequest - DEBUG - 请求url：http://test.lemonban.com/futureloan/mvc/api/member/login - [httpRequest.py:19]
2020-07-10 15:29:28,891 - API_3.common.httpRequest - DEBUG - 请求data：{'mobilephone': '15814447890', 'pwd': '123456'} - [httpRequest.py:20]
2020-07-10 15:29:29,097 - API_3.common.httpRequest - DEBUG - 请求response:{"status":1,"code":"10001","data":null,"msg":"登录成功"} - [httpRequest.py:33]
2020-07-10 15:29:29,141 - API_3.common.httpRequest - DEBUG - 请求url：http://test.lemonban.com/futureloan/mvc/api/loan/add - [httpRequest.py:19]
2020-07-10 15:29:29,141 - API_3.common.httpRequest - DEBUG - 请求data：{'memberId': '1231', 'title': '试试人品行不行，借个2W玩玩', 'amount': 20000, 'loanRate': 12.0, 'loanTerm': 3, 'loanDateType': 0, 'repaymemtWay': 11, 'biddingDays': 5} - [httpRequest.py:20]
2020-07-10 15:29:29,170 - API_3.common.httpRequest - DEBUG - 请求response:{"status":1,"code":"10001","data":null,"msg":"加标成功"} - [httpRequest.py:33]
2020-07-10 15:29:29,217 - API_3.common.httpRequest - DEBUG - 请求url：http://test.lemonban.com/futureloan/mvc/api/member/login - [httpRequest.py:19]
2020-07-10 15:29:29,217 - API_3.common.httpRequest - DEBUG - 请求data：{'mobilephone': '18999990253', 'pwd': '123456'} - [httpRequest.py:20]
2020-07-10 15:29:29,409 - API_3.common.httpRequest - DEBUG - 请求response:{"status":1,"code":"10001","data":null,"msg":"登录成功"} - [httpRequest.py:33]
2020-07-10 15:32:30,928 - API_3.common.httpRequest - DEBUG - 请求url：http://test.lemonban.com/futureloan/mvc/api/member/login - [httpRequest.py:19]
2020-07-10 15:32:30,928 - API_3.common.httpRequest - DEBUG - 请求data：{'mobilephone': '15814447890', 'pwd': '123456'} - [httpRequest.py:20]
2020-07-10 15:32:31,214 - API_3.common.httpRequest - DEBUG - 请求response:{"status":1,"code":"10001","data":null,"msg":"登录成功"} - [httpRequest.py:33]
2020-07-10 15:32:31,263 - API_3.common.httpRequest - DEBUG - 请求url：http://test.lemonban.com/futureloan/mvc/api/loan/add - [httpRequest.py:19]
2020-07-10 15:32:31,263 - API_3.common.httpRequest - DEBUG - 请求data：{'memberId': '1231', 'title': '试试人品行不行，借个2W玩玩', 'amount': 20000, 'loanRate': 12.0, 'loanTerm': 3, 'loanDateType': 0, 'repaymemtWay': 11, 'biddingDays': 5} - [httpRequest.py:20]
2020-07-10 15:32:31,289 - API_3.common.httpRequest - DEBUG - 请求response:{"status":1,"code":"10001","data":null,"msg":"加标成功"} - [httpRequest.py:33]
2020-07-10 15:32:31,341 - API_3.common.httpRequest - DEBUG - 请求url：http://test.lemonban.com/futureloan/mvc/api/loan/audit - [httpRequest.py:19]
2020-07-10 15:32:31,341 - API_3.common.httpRequest - DEBUG - 请求data：{'id': "{'id': 188682}", 'status': 4} - [httpRequest.py:20]
2020-07-10 15:32:31,353 - API_3.common.httpRequest - DEBUG - 请求response:{"status":0,"code":"20212","data":null,"msg":"请根据数值参数的类型对应输入合法的数字"} - [httpRequest.py:33]
2020-07-10 15:32:31,393 - API_3.common.httpRequest - DEBUG - 请求url：http://test.lemonban.com/futureloan/mvc/api/member/login - [httpRequest.py:19]
2020-07-10 15:32:31,393 - API_3.common.httpRequest - DEBUG - 请求data：{'mobilephone': '18999990253', 'pwd': '123456'} - [httpRequest.py:20]
2020-07-10 15:32:31,638 - API_3.common.httpRequest - DEBUG - 请求response:{"status":1,"code":"10001","data":null,"msg":"登录成功"} - [httpRequest.py:33]
2020-07-10 15:32:31,683 - API_3.common.httpRequest - DEBUG - 请求url：http://test.lemonban.com/futureloan/mvc/api/member/bidLoan - [httpRequest.py:19]
2020-07-10 15:32:31,683 - API_3.common.httpRequest - DEBUG - 请求data：{'memberId': '89001', 'password': '123456', 'loanId': "{'id': 188682}", 'amount': '100'} - [httpRequest.py:20]
2020-07-10 15:32:31,696 - API_3.common.httpRequest - DEBUG - 请求response:{"status":0,"code":"11009","data":null,"msg":"不存在该标的"} - [httpRequest.py:33]
2020-07-10 15:32:31,734 - API_3.common.httpRequest - DEBUG - 请求url：http://test.lemonban.com/futureloan/mvc/api/member/bidLoan - [httpRequest.py:19]
2020-07-10 15:32:31,734 - API_3.common.httpRequest - DEBUG - 请求data：{'memberId': '89001', 'password': '123456', 'loanId': "{'id': 188682}", 'amount': ''} - [httpRequest.py:20]
2020-07-10 15:32:31,745 - API_3.common.httpRequest - DEBUG - 请求response:{"status":0,"code":"11003","data":null,"msg":"参数错误:所有参数都不能为空"} - [httpRequest.py:33]
2020-07-10 15:32:31,781 - API_3.common.httpRequest - DEBUG - 请求url：http://test.lemonban.com/futureloan/mvc/api/member/bidLoan - [httpRequest.py:19]
2020-07-10 15:32:31,781 - API_3.common.httpRequest - DEBUG - 请求data：{'memberId': '89001', 'password': '123456', 'loanId': "{'id': 188682}", 'amount': '-100'} - [httpRequest.py:20]
2020-07-10 15:32:31,791 - API_3.common.httpRequest - DEBUG - 请求response:{"status":0,"code":"11007","data":null,"msg":"参数错误，投资金额必须是能被100整除的正整数"} - [httpRequest.py:33]
2020-07-10 15:34:10,180 - API_3.common.httpRequest - DEBUG - 请求url：http://test.lemonban.com/futureloan/mvc/api/member/login - [httpRequest.py:19]
2020-07-10 15:34:10,180 - API_3.common.httpRequest - DEBUG - 请求data：{'mobilephone': '15814447890', 'pwd': '123456'} - [httpRequest.py:20]
2020-07-10 15:34:10,440 - API_3.common.httpRequest - DEBUG - 请求response:{"status":1,"code":"10001","data":null,"msg":"登录成功"} - [httpRequest.py:33]
2020-07-10 15:34:10,489 - API_3.common.httpRequest - DEBUG - 请求url：http://test.lemonban.com/futureloan/mvc/api/loan/add - [httpRequest.py:19]
2020-07-10 15:34:10,490 - API_3.common.httpRequest - DEBUG - 请求data：{'memberId': '1231', 'title': '试试人品行不行，借个2W玩玩', 'amount': 20000, 'loanRate': 12.0, 'loanTerm': 3, 'loanDateType': 0, 'repaymemtWay': 11, 'biddingDays': 5} - [httpRequest.py:20]
2020-07-10 15:34:10,511 - API_3.common.httpRequest - DEBUG - 请求response:{"status":1,"code":"10001","data":null,"msg":"加标成功"} - [httpRequest.py:33]
2020-07-10 15:34:10,557 - API_3.common.httpRequest - DEBUG - 请求url：http://test.lemonban.com/futureloan/mvc/api/loan/audit - [httpRequest.py:19]
2020-07-10 15:34:10,557 - API_3.common.httpRequest - DEBUG - 请求data：{'id': '188683', 'status': 4} - [httpRequest.py:20]
2020-07-10 15:34:10,572 - API_3.common.httpRequest - DEBUG - 请求response:{"status":1,"code":"10001","data":null,"msg":"更新状态成功：竞标开始，当前标为竞标中状态"} - [httpRequest.py:33]
2020-07-10 15:34:10,615 - API_3.common.httpRequest - DEBUG - 请求url：http://test.lemonban.com/futureloan/mvc/api/member/login - [httpRequest.py:19]
2020-07-10 15:34:10,615 - API_3.common.httpRequest - DEBUG - 请求data：{'mobilephone': '18999990253', 'pwd': '123456'} - [httpRequest.py:20]
2020-07-10 15:34:10,803 - API_3.common.httpRequest - DEBUG - 请求response:{"status":1,"code":"10001","data":null,"msg":"登录成功"} - [httpRequest.py:33]
2020-07-10 15:34:10,848 - API_3.common.httpRequest - DEBUG - 请求url：http://test.lemonban.com/futureloan/mvc/api/member/bidLoan - [httpRequest.py:19]
2020-07-10 15:34:10,848 - API_3.common.httpRequest - DEBUG - 请求data：{'memberId': '89001', 'password': '123456', 'loanId': '188683', 'amount': '100'} - [httpRequest.py:20]
2020-07-10 15:34:10,884 - API_3.common.httpRequest - DEBUG - 请求response:{"status":1,"code":"10001","data":null,"msg":"竞标成功"} - [httpRequest.py:33]
2020-07-10 15:34:10,922 - API_3.common.httpRequest - DEBUG - 请求url：http://test.lemonban.com/futureloan/mvc/api/member/bidLoan - [httpRequest.py:19]
2020-07-10 15:34:10,923 - API_3.common.httpRequest - DEBUG - 请求data：{'memberId': '89001', 'password': '123456', 'loanId': '188683', 'amount': ''} - [httpRequest.py:20]
2020-07-10 15:34:10,933 - API_3.common.httpRequest - DEBUG - 请求response:{"status":0,"code":"11003","data":null,"msg":"参数错误:所有参数都不能为空"} - [httpRequest.py:33]
2020-07-10 15:34:10,967 - API_3.common.httpRequest - DEBUG - 请求url：http://test.lemonban.com/futureloan/mvc/api/member/bidLoan - [httpRequest.py:19]
2020-07-10 15:34:10,967 - API_3.common.httpRequest - DEBUG - 请求data：{'memberId': '89001', 'password': '123456', 'loanId': '188683', 'amount': '-100'} - [httpRequest.py:20]
2020-07-10 15:34:10,978 - API_3.common.httpRequest - DEBUG - 请求response:{"status":0,"code":"11007","data":null,"msg":"参数错误，投资金额必须是能被100整除的正整数"} - [httpRequest.py:33]
